Build started 17.08.2015 08:38:54.
     1>Project "C:\Users\Simon\Documents\Visual Studio 2015\Projects\AceEngine\Project\VS2015\AceEngine.vcxproj" on node 2 (Build target(s)).
     1>Link:
         AceEngine.vcxproj -> C:\Users\Simon\Documents\Visual Studio 2015\Projects\AceEngine\Project\VS2015\\..\..\Binaries\Release\AceEngine.exe
       PostBuildEvent:
         XCOPY "C:\Users\Simon\Documents\Visual Studio 2015\Projects\AceEngine\Project\VS2015\..\..\Source\*.vs" "C:\Users\Simon\Documents\Visual Studio 2015\Projects\AceEngine\Binaries\Release\" /D /K /Y
         XCOPY "C:\Users\Simon\Documents\Visual Studio 2015\Projects\AceEngine\Project\VS2015\..\..\Source\*.ps" "C:\Users\Simon\Documents\Visual Studio 2015\Projects\AceEngine\Binaries\Release\" /D /K /Y
         XCOPY "C:\Users\Simon\Documents\Visual Studio 2015\Projects\AceEngine\Project\VS2015\..\..\Libraries\VS2015\*.dll" "C:\Users\Simon\Documents\Visual Studio 2015\Projects\AceEngine\Binaries\Release\" /D /K /Y
         XCOPY "C:\Users\Simon\Documents\Visual Studio 2015\Projects\AceEngine\Project\VS2015\..\..\Libraries\VS2015\Release\*.dll" "C:\Users\Simon\Documents\Visual Studio 2015\Projects\AceEngine\Binaries\Release\" /D /K /Y
         XCOPY "C:\Users\Simon\Documents\Visual Studio 2015\Projects\AceEngine\Project\VS2015\..\..\Scenes" "C:\Users\Simon\Documents\Visual Studio 2015\Projects\AceEngine\Binaries\Release\Scenes\" /D /K /Y /S
         XCOPY "C:\Users\Simon\Documents\Visual Studio 2015\Projects\AceEngine\Project\VS2015\..\..\Media" "C:\Users\Simon\Documents\Visual Studio 2015\Projects\AceEngine\Binaries\Release\Media\" /D /K /Y /S
         :VCEnd
         0 Datei(en) kopiert
         0 Datei(en) kopiert
         C:\Users\Simon\Documents\Visual Studio 2015\Projects\AceEngine\Project\VS2015\..\..\Libraries\VS2015\Assimp32.dll
         C:\Users\Simon\Documents\Visual Studio 2015\Projects\AceEngine\Project\VS2015\..\..\Libraries\VS2015\glew32.dll
         C:\Users\Simon\Documents\Visual Studio 2015\Projects\AceEngine\Project\VS2015\..\..\Libraries\VS2015\openal32.dll
         3 Datei(en) kopiert
         C:\Users\Simon\Documents\Visual Studio 2015\Projects\AceEngine\Project\VS2015\..\..\Libraries\VS2015\Release\nvToolsExt32_1.dll
         C:\Users\Simon\Documents\Visual Studio 2015\Projects\AceEngine\Project\VS2015\..\..\Libraries\VS2015\Release\PhysX3CharacterKinematicCHECKED_x86.dll
         C:\Users\Simon\Documents\Visual Studio 2015\Projects\AceEngine\Project\VS2015\..\..\Libraries\VS2015\Release\PhysX3CHECKED_x86.dll
         C:\Users\Simon\Documents\Visual Studio 2015\Projects\AceEngine\Project\VS2015\..\..\Libraries\VS2015\Release\PhysX3CommonCHECKED_x86.dll
         C:\Users\Simon\Documents\Visual Studio 2015\Projects\AceEngine\Project\VS2015\..\..\Libraries\VS2015\Release\PhysX3CookingCHECKED_x86.dll
         C:\Users\Simon\Documents\Visual Studio 2015\Projects\AceEngine\Project\VS2015\..\..\Libraries\VS2015\Release\sfml-audio-2.dll
         C:\Users\Simon\Documents\Visual Studio 2015\Projects\AceEngine\Project\VS2015\..\..\Libraries\VS2015\Release\sfml-graphics-2.dll
         C:\Users\Simon\Documents\Visual Studio 2015\Projects\AceEngine\Project\VS2015\..\..\Libraries\VS2015\Release\sfml-system-2.dll
         C:\Users\Simon\Documents\Visual Studio 2015\Projects\AceEngine\Project\VS2015\..\..\Libraries\VS2015\Release\sfml-window-2.dll
         9 Datei(en) kopiert
         0 Datei(en) kopiert
         0 Datei(en) kopiert
     1>Done Building Project "C:\Users\Simon\Documents\Visual Studio 2015\Projects\AceEngine\Project\VS2015\AceEngine.vcxproj" (Build target(s)).

Build succeeded.

Time Elapsed 00:00:00.39
