Build started 11.08.2015 21:14:36.
     1>Project "C:\Users\Simon\Documents\Visual Studio 2013\Projects\AceEngine\Source\AceEngine\AceEngine.vcxproj" on node 2 (Build target(s)).
     1>Link:
         C:\Program Files (x86)\Microsoft Visual Studio 12.0\VC\bin\link.exe /ERRORREPORT:PROMPT /OUT:"C:\Users\Simon\Documents\Visual Studio 2013\Projects\AceEngine\Source\\..\Binaries\Debug\AceEngine.exe" /INCREMENTAL /NOLOGO assimp.lib glew32.lib OpenGL32.lib PhysX3DEBUG_x86.lib PhysX3CommonDEBUG_x86.lib PhysX3CookingDEBUG_x86.lib PhysX3CharacterKinematicDEBUG_x86.lib PhysX3ExtensionsDEBUG.lib "sfml-audio-d.lib" "sfml-graphics-d.lib" "sfml-system-d.lib" "sfml-window-d.lib" kernel32.lib user32.lib gdi32.lib winspool.lib comdlg32.lib advapi32.lib shell32.lib ole32.lib oleaut32.lib uuid.lib odbc32.lib odbccp32.lib /MANIFEST /MANIFESTUAC:"level='asInvoker' uiAccess='false'" /manifest:embed /DEBUG /PDB:"C:\Users\Simon\Documents\Visual Studio 2013\Projects\AceEngine\Source\\..\Binaries\Debug\AceEngine.pdb" /SUBSYSTEM:CONSOLE /TLBID:1 /DYNAMICBASE /NXCOMPAT /IMPLIB:"C:\Users\Simon\Documents\Visual Studio 2013\Projects\AceEngine\Source\\..\Binaries\Debug\AceEngine.lib" /MACHINE:X86 Debug\AudioSystem.obj
         Debug\CameraSystem.obj
         Debug\ComponentSerializer.obj
         Debug\EntityWorld.obj
         Debug\EventSystem.obj
         Debug\Game.obj
         Debug\InputSystem.obj
         Debug\Main.obj
         Debug\PhysicsSystem.obj
         Debug\RenderSystem.obj
         Debug\SceneImporter.obj
         Debug\SceneLoader.obj
         Debug\TerrainSystem.obj
         AceEngine.vcxproj -> C:\Users\Simon\Documents\Visual Studio 2013\Projects\AceEngine\Source\\..\Binaries\Debug\AceEngine.exe
       PostBuildEvent:
         XCOPY "C:\Users\Simon\Documents\Visual Studio 2013\Projects\AceEngine\Source\AceEngine\"*.vs "C:\Users\Simon\Documents\Visual Studio 2013\Projects\AceEngine\Binaries\Debug\" /D /K /Y
         XCOPY "C:\Users\Simon\Documents\Visual Studio 2013\Projects\AceEngine\Source\AceEngine\"*.ps "C:\Users\Simon\Documents\Visual Studio 2013\Projects\AceEngine\Binaries\Debug\" /D /K /Y
         XCOPY "C:\Users\Simon\Documents\Visual Studio 2013\Projects\AceEngine\Source\"\..\Libraries\*.dll "C:\Users\Simon\Documents\Visual Studio 2013\Projects\AceEngine\Binaries\Debug\" /D /K /Y
         XCOPY "C:\Users\Simon\Documents\Visual Studio 2013\Projects\AceEngine\Source\"\..\Libraries\Debug\*.dll "C:\Users\Simon\Documents\Visual Studio 2013\Projects\AceEngine\Binaries\Debug\" /D /K /Y
         :VCEnd
         0 Datei(en) kopiert
         0 Datei(en) kopiert
         0 Datei(en) kopiert
         0 Datei(en) kopiert
     1>Done Building Project "C:\Users\Simon\Documents\Visual Studio 2013\Projects\AceEngine\Source\AceEngine\AceEngine.vcxproj" (Build target(s)).

Build succeeded.

Time Elapsed 00:00:00.53
